2021-01-21 11:49:36 : {"level":"INFO","data":"\u5b50\u7c7b\u521d\u59cb\u5316!\r\n"}
2021-01-21 11:49:36 : {"level":"INFO","data":"\u8bf7\u6c42\u7ed3\u675f\r\n"}
2021-01-21 11:50:08 : {"level":"INFO","data":"\u5b50\u7c7b\u521d\u59cb\u5316!\r\n"}
2021-01-21 11:50:08 : {"level":"INFO","data":"\u8bf7\u6c42\u7ed3\u675f\r\n"}
2021-01-21 11:54:10 : {"level":"INFO","data":"\u5b50\u7c7b\u521d\u59cb\u5316!\r\n"}
2021-01-21 11:54:10 : {"level":"INFO","data":"\u8bf7\u6c42\u7ed3\u675f\r\n"}
2021-01-21 11:54:19 : {"level":"INFO","data":"\u5b50\u7c7b\u521d\u59cb\u5316!\r\n"}
2021-01-21 11:54:19 : {"level":"INFO","data":"\u8bf7\u6c42\u7ed3\u675f\r\n"}
2021-01-21 12:03:23 : {"level":"INFO","data":"\u5b50\u7c7b\u521d\u59cb\u5316!\r\n"}
2021-01-21 12:03:23 : {"level":"INFO","data":"\u8bf7\u6c42\u7ed3\u675f\r\n"}
2021-01-21 12:04:07 : {"level":"INFO","data":"\u5b50\u7c7b\u521d\u59cb\u5316!\r\n"}
2021-01-21 12:04:07 : {"level":"INFO","data":"\u8bf7\u6c42\u7ed3\u675f\r\n"}
2021-01-21 12:06:33 : {"level":"INFO","data":"\u5b50\u7c7b\u521d\u59cb\u5316!\r\n"}
2021-01-21 12:06:33 : {"level":"INFO","data":"\u8bf7\u6c42\u7ed3\u675f\r\n"}
2021-01-21 12:06:33 : {"level":"INFO","data":"\u5b50\u7c7b\u521d\u59cb\u5316!\r\n"}
2021-01-21 12:06:33 : {"level":"INFO","data":"\u5b50\u7c7b\u521d\u59cb\u5316!\r\n"}
2021-01-21 12:06:33 : {"level":"INFO","data":"\u5b50\u7c7b\u521d\u59cb\u5316!\r\n"}
2021-01-21 12:06:33 : {"level":"INFO","data":"\u5b50\u7c7b\u521d\u59cb\u5316!\r\n"}
2021-01-21 12:06:33 : {"level":"INFO","data":"\u8bf7\u6c42\u7ed3\u675f\r\n"}
2021-01-21 12:06:33 : {"level":"INFO","data":"\u5b50\u7c7b\u521d\u59cb\u5316!\r\n"}
2021-01-21 12:06:33 : {"level":"INFO","data":"\u5b50\u7c7b\u521d\u59cb\u5316!\r\n"}
2021-01-21 12:06:33 : {"level":"INFO","data":"\u8bf7\u6c42\u7ed3\u675f\r\n"}
2021-01-21 12:06:33 : {"level":"INFO","data":"\u5b50\u7c7b\u521d\u59cb\u5316!\r\n"}
2021-01-21 12:06:33 : {"level":"INFO","data":"\u8bf7\u6c42\u7ed3\u675f\r\n"}
2021-01-21 12:06:33 : {"level":"INFO","data":"\u5b50\u7c7b\u521d\u59cb\u5316!\r\n"}
2021-01-21 12:06:33 : {"level":"INFO","data":"\u8bf7\u6c42\u7ed3\u675f\r\n"}
2021-01-21 12:06:33 : {"level":"INFO","data":"\u8bf7\u6c42\u7ed3\u675f\r\n"}
2021-01-21 12:06:33 : {"level":"INFO","data":"\u5b50\u7c7b\u521d\u59cb\u5316!\r\n"}
2021-01-21 12:06:33 : {"level":"INFO","data":"\u5b50\u7c7b\u521d\u59cb\u5316!\r\n"}
2021-01-21 12:06:33 : {"level":"INFO","data":"\u8bf7\u6c42\u7ed3\u675f\r\n"}
2021-01-21 12:06:33 : {"level":"INFO","data":"\u5b50\u7c7b\u521d\u59cb\u5316!\r\n"}
2021-01-21 12:06:33 : {"level":"INFO","data":"\u8bf7\u6c42\u7ed3\u675f\r\n"}
2021-01-21 12:06:33 : {"level":"INFO","data":"\u5b50\u7c7b\u521d\u59cb\u5316!\r\n"}
2021-01-21 12:06:33 : {"level":"INFO","data":"\u8bf7\u6c42\u7ed3\u675f\r\n"}
2021-01-21 12:06:33 : {"level":"INFO","data":"\u8bf7\u6c42\u7ed3\u675f\r\n"}
2021-01-21 12:06:33 : {"level":"INFO","data":"\u8bf7\u6c42\u7ed3\u675f\r\n"}
2021-01-21 12:06:33 : {"level":"INFO","data":"\u5b50\u7c7b\u521d\u59cb\u5316!\r\n"}
2021-01-21 12:06:33 : {"level":"INFO","data":"\u5b50\u7c7b\u521d\u59cb\u5316!\r\n"}
2021-01-21 12:06:33 : {"level":"INFO","data":"\u5b50\u7c7b\u521d\u59cb\u5316!\r\n"}
2021-01-21 12:06:33 : {"level":"INFO","data":"\u8bf7\u6c42\u7ed3\u675f\r\n"}
2021-01-21 12:06:33 : {"level":"INFO","data":"\u5b50\u7c7b\u521d\u59cb\u5316!\r\n"}
2021-01-21 12:06:33 : {"level":"INFO","data":"\u8bf7\u6c42\u7ed3\u675f\r\n"}
2021-01-21 12:06:33 : {"level":"INFO","data":"\u5b50\u7c7b\u521d\u59cb\u5316!\r\n"}
2021-01-21 12:06:33 : {"level":"INFO","data":"\u8bf7\u6c42\u7ed3\u675f\r\n"}
2021-01-21 12:06:33 : {"level":"INFO","data":"\u8bf7\u6c42\u7ed3\u675f\r\n"}
2021-01-21 12:06:33 : {"level":"INFO","data":"\u8bf7\u6c42\u7ed3\u675f\r\n"}
2021-01-21 12:06:33 : {"level":"INFO","data":"\u5b50\u7c7b\u521d\u59cb\u5316!\r\n"}
2021-01-21 12:06:33 : {"level":"INFO","data":"\u5b50\u7c7b\u521d\u59cb\u5316!\r\n"}
2021-01-21 12:06:33 : {"level":"INFO","data":"\u5b50\u7c7b\u521d\u59cb\u5316!\r\n"}
2021-01-21 12:06:33 : {"level":"INFO","data":"\u8bf7\u6c42\u7ed3\u675f\r\n"}
2021-01-21 12:06:33 : {"level":"INFO","data":"\u5b50\u7c7b\u521d\u59cb\u5316!\r\n"}
2021-01-21 12:06:33 : {"level":"INFO","data":"\u8bf7\u6c42\u7ed3\u675f\r\n"}
2021-01-21 12:06:33 : {"level":"INFO","data":"\u5b50\u7c7b\u521d\u59cb\u5316!\r\n"}
2021-01-21 12:06:33 : {"level":"INFO","data":"\u8bf7\u6c42\u7ed3\u675f\r\n"}
2021-01-21 12:06:33 : {"level":"INFO","data":"\u5b50\u7c7b\u521d\u59cb\u5316!\r\n"}
2021-01-21 12:06:33 : {"level":"INFO","data":"\u8bf7\u6c42\u7ed3\u675f\r\n"}
2021-01-21 12:06:33 : {"level":"INFO","data":"\u5b50\u7c7b\u521d\u59cb\u5316!\r\n"}
2021-01-21 12:06:33 : {"level":"INFO","data":"\u8bf7\u6c42\u7ed3\u675f\r\n"}
2021-01-21 12:06:33 : {"level":"INFO","data":"\u5b50\u7c7b\u521d\u59cb\u5316!\r\n"}
2021-01-21 12:06:33 : {"level":"INFO","data":"\u8bf7\u6c42\u7ed3\u675f\r\n"}
2021-01-21 12:06:33 : {"level":"INFO","data":"\u5b50\u7c7b\u521d\u59cb\u5316!\r\n"}
2021-01-21 12:06:33 : {"level":"INFO","data":"\u8bf7\u6c42\u7ed3\u675f\r\n"}
2021-01-21 12:06:33 : {"level":"INFO","data":"\u5b50\u7c7b\u521d\u59cb\u5316!\r\n"}
2021-01-21 12:06:33 : {"level":"INFO","data":"\u8bf7\u6c42\u7ed3\u675f\r\n"}
2021-01-21 12:06:33 : {"level":"INFO","data":"\u5b50\u7c7b\u521d\u59cb\u5316!\r\n"}
2021-01-21 12:06:33 : {"level":"INFO","data":"\u8bf7\u6c42\u7ed3\u675f\r\n"}
2021-01-21 12:06:33 : {"level":"INFO","data":"\u8bf7\u6c42\u7ed3\u675f\r\n"}
2021-01-21 12:06:33 : {"level":"INFO","data":"\u5b50\u7c7b\u521d\u59cb\u5316!\r\n"}
2021-01-21 12:06:33 : {"level":"INFO","data":"\u5b50\u7c7b\u521d\u59cb\u5316!\r\n"}
2021-01-21 12:06:33 : {"level":"INFO","data":"\u8bf7\u6c42\u7ed3\u675f\r\n"}
2021-01-21 12:06:33 : {"level":"INFO","data":"\u5b50\u7c7b\u521d\u59cb\u5316!\r\n"}
2021-01-21 12:06:33 : {"level":"INFO","data":"\u8bf7\u6c42\u7ed3\u675f\r\n"}
2021-01-21 12:06:33 : {"level":"INFO","data":"\u5b50\u7c7b\u521d\u59cb\u5316!\r\n"}
2021-01-21 12:06:33 : {"level":"INFO","data":"\u8bf7\u6c42\u7ed3\u675f\r\n"}
2021-01-21 12:06:33 : {"level":"INFO","data":"\u5b50\u7c7b\u521d\u59cb\u5316!\r\n"}
2021-01-21 12:06:33 : {"level":"INFO","data":"\u8bf7\u6c42\u7ed3\u675f\r\n"}
2021-01-21 12:06:33 : {"level":"INFO","data":"\u8bf7\u6c42\u7ed3\u675f\r\n"}
2021-01-21 12:06:33 : {"level":"INFO","data":"\u5b50\u7c7b\u521d\u59cb\u5316!\r\n"}
2021-01-21 12:06:33 : {"level":"INFO","data":"\u5b50\u7c7b\u521d\u59cb\u5316!\r\n"}
2021-01-21 12:06:33 : {"level":"INFO","data":"\u8bf7\u6c42\u7ed3\u675f\r\n"}
2021-01-21 12:06:33 : {"level":"INFO","data":"\u5b50\u7c7b\u521d\u59cb\u5316!\r\n"}
2021-01-21 12:06:33 : {"level":"INFO","data":"\u8bf7\u6c42\u7ed3\u675f\r\n"}
2021-01-21 12:06:33 : {"level":"INFO","data":"\u5b50\u7c7b\u521d\u59cb\u5316!\r\n"}
2021-01-21 12:06:33 : {"level":"INFO","data":"\u8bf7\u6c42\u7ed3\u675f\r\n"}
2021-01-21 12:06:33 : {"level":"INFO","data":"\u5b50\u7c7b\u521d\u59cb\u5316!\r\n"}
2021-01-21 12:06:33 : {"level":"INFO","data":"\u8bf7\u6c42\u7ed3\u675f\r\n"}
2021-01-21 12:06:33 : {"level":"INFO","data":"\u8bf7\u6c42\u7ed3\u675f\r\n"}
2021-01-21 12:06:33 : {"level":"INFO","data":"\u5b50\u7c7b\u521d\u59cb\u5316!\r\n"}
2021-01-21 12:06:33 : {"level":"INFO","data":"\u5b50\u7c7b\u521d\u59cb\u5316!\r\n"}
2021-01-21 12:06:33 : {"level":"INFO","data":"\u8bf7\u6c42\u7ed3\u675f\r\n"}
2021-01-21 12:06:33 : {"level":"INFO","data":"\u5b50\u7c7b\u521d\u59cb\u5316!\r\n"}
2021-01-21 12:06:33 : {"level":"INFO","data":"\u8bf7\u6c42\u7ed3\u675f\r\n"}
2021-01-21 12:06:33 : {"level":"INFO","data":"\u5b50\u7c7b\u521d\u59cb\u5316!\r\n"}
2021-01-21 12:06:33 : {"level":"INFO","data":"\u8bf7\u6c42\u7ed3\u675f\r\n"}
2021-01-21 12:06:33 : {"level":"INFO","data":"\u5b50\u7c7b\u521d\u59cb\u5316!\r\n"}
2021-01-21 12:06:33 : {"level":"INFO","data":"\u8bf7\u6c42\u7ed3\u675f\r\n"}
2021-01-21 12:06:33 : {"level":"INFO","data":"\u8bf7\u6c42\u7ed3\u675f\r\n"}
2021-01-21 12:06:33 : {"level":"INFO","data":"\u5b50\u7c7b\u521d\u59cb\u5316!\r\n"}
2021-01-21 12:06:33 : {"level":"INFO","data":"\u5b50\u7c7b\u521d\u59cb\u5316!\r\n"}
2021-01-21 12:06:33 : {"level":"INFO","data":"\u8bf7\u6c42\u7ed3\u675f\r\n"}
2021-01-21 12:06:33 : {"level":"INFO","data":"\u5b50\u7c7b\u521d\u59cb\u5316!\r\n"}
2021-01-21 12:06:33 : {"level":"INFO","data":"\u8bf7\u6c42\u7ed3\u675f\r\n"}
2021-01-21 12:06:33 : {"level":"INFO","data":"\u5b50\u7c7b\u521d\u59cb\u5316!\r\n"}
2021-01-21 12:06:33 : {"level":"INFO","data":"\u8bf7\u6c42\u7ed3\u675f\r\n"}
2021-01-21 12:06:33 : {"level":"INFO","data":"\u5b50\u7c7b\u521d\u59cb\u5316!\r\n"}
2021-01-21 12:06:33 : {"level":"INFO","data":"\u8bf7\u6c42\u7ed3\u675f\r\n"}
2021-01-21 12:06:33 : {"level":"INFO","data":"\u5b50\u7c7b\u521d\u59cb\u5316!\r\n"}
2021-01-21 12:06:33 : {"level":"INFO","data":"\u8bf7\u6c42\u7ed3\u675f\r\n"}
2021-01-21 12:06:33 : {"level":"INFO","data":"\u8bf7\u6c42\u7ed3\u675f\r\n"}
2021-01-21 12:06:33 : {"level":"INFO","data":"\u5b50\u7c7b\u521d\u59cb\u5316!\r\n"}
2021-01-21 12:06:33 : {"level":"INFO","data":"\u5b50\u7c7b\u521d\u59cb\u5316!\r\n"}
2021-01-21 12:06:33 : {"level":"INFO","data":"\u8bf7\u6c42\u7ed3\u675f\r\n"}
2021-01-21 12:06:33 : {"level":"INFO","data":"\u5b50\u7c7b\u521d\u59cb\u5316!\r\n"}
2021-01-21 12:06:33 : {"level":"INFO","data":"\u8bf7\u6c42\u7ed3\u675f\r\n"}
2021-01-21 12:06:33 : {"level":"INFO","data":"\u5b50\u7c7b\u521d\u59cb\u5316!\r\n"}
2021-01-21 12:06:33 : {"level":"INFO","data":"\u8bf7\u6c42\u7ed3\u675f\r\n"}
2021-01-21 12:06:33 : {"level":"INFO","data":"\u5b50\u7c7b\u521d\u59cb\u5316!\r\n"}
2021-01-21 12:06:33 : {"level":"INFO","data":"\u8bf7\u6c42\u7ed3\u675f\r\n"}
2021-01-21 12:06:33 : {"level":"INFO","data":"\u8bf7\u6c42\u7ed3\u675f\r\n"}
2021-01-21 12:06:33 : {"level":"INFO","data":"\u5b50\u7c7b\u521d\u59cb\u5316!\r\n"}
2021-01-21 12:06:33 : {"level":"INFO","data":"\u5b50\u7c7b\u521d\u59cb\u5316!\r\n"}
2021-01-21 12:06:33 : {"level":"INFO","data":"\u8bf7\u6c42\u7ed3\u675f\r\n"}
2021-01-21 12:06:33 : {"level":"INFO","data":"\u5b50\u7c7b\u521d\u59cb\u5316!\r\n"}
2021-01-21 12:06:33 : {"level":"INFO","data":"\u8bf7\u6c42\u7ed3\u675f\r\n"}
2021-01-21 12:06:33 : {"level":"INFO","data":"\u5b50\u7c7b\u521d\u59cb\u5316!\r\n"}
2021-01-21 12:06:33 : {"level":"INFO","data":"\u8bf7\u6c42\u7ed3\u675f\r\n"}
2021-01-21 12:06:33 : {"level":"INFO","data":"\u5b50\u7c7b\u521d\u59cb\u5316!\r\n"}
2021-01-21 12:06:33 : {"level":"INFO","data":"\u8bf7\u6c42\u7ed3\u675f\r\n"}
2021-01-21 12:06:33 : {"level":"INFO","data":"\u8bf7\u6c42\u7ed3\u675f\r\n"}
2021-01-21 12:06:33 : {"level":"INFO","data":"\u5b50\u7c7b\u521d\u59cb\u5316!\r\n"}
2021-01-21 12:06:33 : {"level":"INFO","data":"\u5b50\u7c7b\u521d\u59cb\u5316!\r\n"}
2021-01-21 12:06:33 : {"level":"INFO","data":"\u8bf7\u6c42\u7ed3\u675f\r\n"}
2021-01-21 12:06:33 : {"level":"INFO","data":"\u5b50\u7c7b\u521d\u59cb\u5316!\r\n"}
2021-01-21 12:06:33 : {"level":"INFO","data":"\u8bf7\u6c42\u7ed3\u675f\r\n"}
2021-01-21 12:06:33 : {"level":"INFO","data":"\u5b50\u7c7b\u521d\u59cb\u5316!\r\n"}
2021-01-21 12:06:33 : {"level":"INFO","data":"\u8bf7\u6c42\u7ed3\u675f\r\n"}
2021-01-21 12:06:33 : {"level":"INFO","data":"\u5b50\u7c7b\u521d\u59cb\u5316!\r\n"}
2021-01-21 12:06:33 : {"level":"INFO","data":"\u8bf7\u6c42\u7ed3\u675f\r\n"}
2021-01-21 12:06:33 : {"level":"INFO","data":"\u8bf7\u6c42\u7ed3\u675f\r\n"}
2021-01-21 12:06:33 : {"level":"INFO","data":"\u5b50\u7c7b\u521d\u59cb\u5316!\r\n"}
2021-01-21 12:06:33 : {"level":"INFO","data":"\u5b50\u7c7b\u521d\u59cb\u5316!\r\n"}
2021-01-21 12:06:33 : {"level":"INFO","data":"\u8bf7\u6c42\u7ed3\u675f\r\n"}
2021-01-21 12:06:33 : {"level":"INFO","data":"\u5b50\u7c7b\u521d\u59cb\u5316!\r\n"}
2021-01-21 12:06:33 : {"level":"INFO","data":"\u8bf7\u6c42\u7ed3\u675f\r\n"}
2021-01-21 12:06:33 : {"level":"INFO","data":"\u5b50\u7c7b\u521d\u59cb\u5316!\r\n"}
2021-01-21 12:06:33 : {"level":"INFO","data":"\u8bf7\u6c42\u7ed3\u675f\r\n"}
2021-01-21 12:06:33 : {"level":"INFO","data":"\u5b50\u7c7b\u521d\u59cb\u5316!\r\n"}
2021-01-21 12:06:33 : {"level":"INFO","data":"\u8bf7\u6c42\u7ed3\u675f\r\n"}
2021-01-21 12:06:33 : {"level":"INFO","data":"\u8bf7\u6c42\u7ed3\u675f\r\n"}
2021-01-21 12:06:33 : {"level":"INFO","data":"\u5b50\u7c7b\u521d\u59cb\u5316!\r\n"}
2021-01-21 12:06:33 : {"level":"INFO","data":"\u5b50\u7c7b\u521d\u59cb\u5316!\r\n"}
2021-01-21 12:06:33 : {"level":"INFO","data":"\u8bf7\u6c42\u7ed3\u675f\r\n"}
2021-01-21 12:06:33 : {"level":"INFO","data":"\u5b50\u7c7b\u521d\u59cb\u5316!\r\n"}
2021-01-21 12:06:33 : {"level":"INFO","data":"\u8bf7\u6c42\u7ed3\u675f\r\n"}
2021-01-21 12:06:33 : {"level":"INFO","data":"\u5b50\u7c7b\u521d\u59cb\u5316!\r\n"}
2021-01-21 12:06:33 : {"level":"INFO","data":"\u8bf7\u6c42\u7ed3\u675f\r\n"}
2021-01-21 12:06:33 : {"level":"INFO","data":"\u5b50\u7c7b\u521d\u59cb\u5316!\r\n"}
2021-01-21 12:06:33 : {"level":"INFO","data":"\u8bf7\u6c42\u7ed3\u675f\r\n"}
2021-01-21 12:06:33 : {"level":"INFO","data":"\u5b50\u7c7b\u521d\u59cb\u5316!\r\n"}
2021-01-21 12:06:33 : {"level":"INFO","data":"\u8bf7\u6c42\u7ed3\u675f\r\n"}
2021-01-21 12:06:33 : {"level":"INFO","data":"\u5b50\u7c7b\u521d\u59cb\u5316!\r\n"}
2021-01-21 12:06:33 : {"level":"INFO","data":"\u8bf7\u6c42\u7ed3\u675f\r\n"}
2021-01-21 12:06:33 : {"level":"INFO","data":"\u5b50\u7c7b\u521d\u59cb\u5316!\r\n"}
2021-01-21 12:06:33 : {"level":"INFO","data":"\u8bf7\u6c42\u7ed3\u675f\r\n"}
2021-01-21 12:06:33 : {"level":"INFO","data":"\u5b50\u7c7b\u521d\u59cb\u5316!\r\n"}
2021-01-21 12:06:33 : {"level":"INFO","data":"\u8bf7\u6c42\u7ed3\u675f\r\n"}
2021-01-21 12:06:33 : {"level":"INFO","data":"\u8bf7\u6c42\u7ed3\u675f\r\n"}
2021-01-21 12:06:33 : {"level":"INFO","data":"\u5b50\u7c7b\u521d\u59cb\u5316!\r\n"}
2021-01-21 12:06:33 : {"level":"INFO","data":"\u5b50\u7c7b\u521d\u59cb\u5316!\r\n"}
2021-01-21 12:06:33 : {"level":"INFO","data":"\u8bf7\u6c42\u7ed3\u675f\r\n"}
2021-01-21 12:06:33 : {"level":"INFO","data":"\u5b50\u7c7b\u521d\u59cb\u5316!\r\n"}
2021-01-21 12:06:33 : {"level":"INFO","data":"\u8bf7\u6c42\u7ed3\u675f\r\n"}
2021-01-21 12:06:33 : {"level":"INFO","data":"\u5b50\u7c7b\u521d\u59cb\u5316!\r\n"}
2021-01-21 12:06:33 : {"level":"INFO","data":"\u8bf7\u6c42\u7ed3\u675f\r\n"}
2021-01-21 12:06:33 : {"level":"INFO","data":"\u5b50\u7c7b\u521d\u59cb\u5316!\r\n"}
2021-01-21 12:06:33 : {"level":"INFO","data":"\u8bf7\u6c42\u7ed3\u675f\r\n"}
2021-01-21 12:06:33 : {"level":"INFO","data":"\u8bf7\u6c42\u7ed3\u675f\r\n"}
2021-01-21 12:06:33 : {"level":"INFO","data":"\u5b50\u7c7b\u521d\u59cb\u5316!\r\n"}
2021-01-21 12:06:33 : {"level":"INFO","data":"\u5b50\u7c7b\u521d\u59cb\u5316!\r\n"}
2021-01-21 12:06:33 : {"level":"INFO","data":"\u8bf7\u6c42\u7ed3\u675f\r\n"}
2021-01-21 12:06:33 : {"level":"INFO","data":"\u5b50\u7c7b\u521d\u59cb\u5316!\r\n"}
2021-01-21 12:06:33 : {"level":"INFO","data":"\u8bf7\u6c42\u7ed3\u675f\r\n"}
2021-01-21 12:06:33 : {"level":"INFO","data":"\u5b50\u7c7b\u521d\u59cb\u5316!\r\n"}
2021-01-21 12:06:33 : {"level":"INFO","data":"\u8bf7\u6c42\u7ed3\u675f\r\n"}
2021-01-21 12:06:33 : {"level":"INFO","data":"\u5b50\u7c7b\u521d\u59cb\u5316!\r\n"}
2021-01-21 12:06:33 : {"level":"INFO","data":"\u8bf7\u6c42\u7ed3\u675f\r\n"}
2021-01-21 12:06:33 : {"level":"INFO","data":"\u8bf7\u6c42\u7ed3\u675f\r\n"}
2021-01-21 12:06:33 : {"level":"INFO","data":"\u5b50\u7c7b\u521d\u59cb\u5316!\r\n"}
2021-01-21 12:06:33 : {"level":"INFO","data":"\u5b50\u7c7b\u521d\u59cb\u5316!\r\n"}
2021-01-21 12:06:33 : {"level":"INFO","data":"\u8bf7\u6c42\u7ed3\u675f\r\n"}
2021-01-21 12:06:33 : {"level":"INFO","data":"\u5b50\u7c7b\u521d\u59cb\u5316!\r\n"}
2021-01-21 12:06:33 : {"level":"INFO","data":"\u8bf7\u6c42\u7ed3\u675f\r\n"}
2021-01-21 12:06:33 : {"level":"INFO","data":"\u5b50\u7c7b\u521d\u59cb\u5316!\r\n"}
2021-01-21 12:06:33 : {"level":"INFO","data":"\u8bf7\u6c42\u7ed3\u675f\r\n"}
2021-01-21 12:06:33 : {"level":"INFO","data":"\u8bf7\u6c42\u7ed3\u675f\r\n"}
2021-01-21 12:06:33 : {"level":"INFO","data":"\u8bf7\u6c42\u7ed3\u675f\r\n"}
2021-01-21 12:06:33 : {"level":"INFO","data":"\u5b50\u7c7b\u521d\u59cb\u5316!\r\n"}
2021-01-21 12:06:33 : {"level":"INFO","data":"\u5b50\u7c7b\u521d\u59cb\u5316!\r\n"}
2021-01-21 12:06:33 : {"level":"INFO","data":"\u5b50\u7c7b\u521d\u59cb\u5316!\r\n"}
2021-01-21 12:06:33 : {"level":"INFO","data":"\u8bf7\u6c42\u7ed3\u675f\r\n"}
2021-01-21 12:06:33 : {"level":"INFO","data":"\u5b50\u7c7b\u521d\u59cb\u5316!\r\n"}
2021-01-21 12:06:33 : {"level":"INFO","data":"\u8bf7\u6c42\u7ed3\u675f\r\n"}
2021-01-21 12:06:33 : {"level":"INFO","data":"\u5b50\u7c7b\u521d\u59cb\u5316!\r\n"}
2021-01-21 12:06:33 : {"level":"INFO","data":"\u8bf7\u6c42\u7ed3\u675f\r\n"}
2021-01-21 12:06:33 : {"level":"INFO","data":"\u8bf7\u6c42\u7ed3\u675f\r\n"}
2021-01-21 12:06:33 : {"level":"INFO","data":"\u8bf7\u6c42\u7ed3\u675f\r\n"}
2021-01-21 12:06:33 : {"level":"INFO","data":"\u8bf7\u6c42\u7ed3\u675f\r\n"}
2021-01-21 12:06:33 : {"level":"INFO","data":"\u5b50\u7c7b\u521d\u59cb\u5316!\r\n"}
2021-01-21 12:06:33 : {"level":"INFO","data":"\u5b50\u7c7b\u521d\u59cb\u5316!\r\n"}
2021-01-21 12:06:33 : {"level":"INFO","data":"\u8bf7\u6c42\u7ed3\u675f\r\n"}
2021-01-21 12:06:33 : {"level":"INFO","data":"\u8bf7\u6c42\u7ed3\u675f\r\n"}
2021-01-21 12:06:33 : {"level":"INFO","data":"\u8bf7\u6c42\u7ed3\u675f\r\n"}
2021-01-21 12:08:19 : {"level":"INFO","data":"\u5b50\u7c7b\u521d\u59cb\u5316!\r\n"}
2021-01-21 12:08:19 : {"level":"INFO","data":"\u8bf7\u6c42\u7ed3\u675f\r\n"}
2021-01-21 12:08:27 : {"level":"INFO","data":"\u5b50\u7c7b\u521d\u59cb\u5316!\r\n"}
2021-01-21 12:08:27 : {"level":"INFO","data":"\u8bf7\u6c42\u7ed3\u675f\r\n"}
2021-01-21 12:08:32 : {"level":"INFO","data":"\u5b50\u7c7b\u521d\u59cb\u5316!\r\n"}
2021-01-21 12:08:32 : {"level":"INFO","data":"\u8bf7\u6c42\u7ed3\u675f\r\n"}
2021-01-21 12:08:34 : {"level":"INFO","data":"\u5b50\u7c7b\u521d\u59cb\u5316!\r\n"}
2021-01-21 12:08:34 : {"level":"INFO","data":"\u8bf7\u6c42\u7ed3\u675f\r\n"}
2021-01-21 12:08:35 : {"level":"INFO","data":"\u5b50\u7c7b\u521d\u59cb\u5316!\r\n"}
2021-01-21 12:08:35 : {"level":"INFO","data":"\u8bf7\u6c42\u7ed3\u675f\r\n"}
2021-01-21 12:08:37 : {"level":"INFO","data":"\u5b50\u7c7b\u521d\u59cb\u5316!\r\n"}
2021-01-21 12:08:37 : {"level":"INFO","data":"\u8bf7\u6c42\u7ed3\u675f\r\n"}
2021-01-21 12:08:39 : {"level":"INFO","data":"\u5b50\u7c7b\u521d\u59cb\u5316!\r\n"}
2021-01-21 12:08:39 : {"level":"INFO","data":"\u8bf7\u6c42\u7ed3\u675f\r\n"}
2021-01-21 13:52:11 : {"level":"INFO","data":"Acme is normal exit! Bye ^_^!\r\n"}
2021-01-21 15:24:44 : {"level":"INFO","data":"[fd:(1) SQL - 0.00214700 \u79d2] : SELECT * FROM test WHERE id = 1 LIMIT 1\r\n"}
2021-01-21 15:24:44 : {"level":"INFO","data":"[fd:(1) SQL - 0.00468300 \u79d2] : SHOW COLUMNS FROM `test`\r\n"}
2021-01-21 15:26:28 : {"level":"INFO","data":"[fd:(1) SQL - 0.00516600 \u79d2] : SHOW COLUMNS FROM `test`\r\n"}
2021-01-21 15:26:28 : {"level":"INFO","data":"[fd:(1) SQL - 0.00201700 \u79d2] : SELECT * FROM test WHERE id = 1 LIMIT 1\r\n"}
2021-01-21 15:27:27 : {"level":"INFO","data":"[fd:(1) SQL - 0.00403700 \u79d2] : SHOW COLUMNS FROM `test`\r\n"}
2021-01-21 15:27:27 : {"level":"INFO","data":"[fd:(1) SQL - 0.00252200 \u79d2] : SELECT * FROM test WHERE id = 1 LIMIT 1\r\n"}
2021-01-21 15:27:29 : {"level":"INFO","data":"[fd:(1) SQL - 0.00538600 \u79d2] : SHOW COLUMNS FROM `test`\r\n"}
2021-01-21 15:27:29 : {"level":"INFO","data":"[fd:(1) SQL - 0.00244800 \u79d2] : SELECT * FROM test WHERE id = 1 LIMIT 1\r\n"}
2021-01-21 15:27:32 : {"level":"INFO","data":"[fd:(1) SQL - 0.00320700 \u79d2] : SHOW COLUMNS FROM `test`\r\n"}
2021-01-21 15:27:32 : {"level":"INFO","data":"[fd:(1) SQL - 0.00248100 \u79d2] : SELECT * FROM test WHERE id = 1 LIMIT 1\r\n"}
2021-01-21 15:27:33 : {"level":"INFO","data":"[fd:(1) SQL - 0.00361600 \u79d2] : SHOW COLUMNS FROM `test`\r\n"}
2021-01-21 15:27:33 : {"level":"INFO","data":"[fd:(1) SQL - 0.00230200 \u79d2] : SELECT * FROM test WHERE id = 1 LIMIT 1\r\n"}
